2024-12-23 10:31:27,034 [INFO] CommitBot - Performing commit: Manual commit for testing
2024-12-23 10:31:27,420 [INFO] CommitBot - Commit and push successful: Manual commit for testing
2024-12-23 10:50:37,157 [INFO] CommitBot - Performing commit: Test commit 2
2024-12-23 10:50:37,540 [INFO] CommitBot - Commit and push successful: Test commit 2
2024-12-23 10:52:08,680 [INFO] CommitBot - Commit Bot starting up...
2024-12-23 10:52:08,680 [INFO] CommitBot - Initial random_day: 0, week_number: 52
2024-12-23 10:52:08,680 [INFO] CommitBot - Today is multi-commit day: scheduling 21 commits.
2024-12-23 11:46:08,693 [INFO] CommitBot - Performing commit: 2024-12-23T10:52:08.680750 - Multiple commit #1
2024-12-23 11:46:09,110 [INFO] CommitBot - Commit and push successful: 2024-12-23T10:52:08.680750 - Multiple commit #1
2024-12-23 12:12:09,116 [INFO] CommitBot - Performing commit: 2024-12-23T10:52:08.680815 - Multiple commit #4
2024-12-23 12:12:09,518 [INFO] CommitBot - Commit and push successful: 2024-12-23T10:52:08.680815 - Multiple commit #4
2024-12-23 12:12:09,519 [INFO] CommitBot - Performing commit: 2024-12-23T10:52:08.680844 - Multiple commit #5
2024-12-23 12:12:09,896 [INFO] CommitBot - Commit and push successful: 2024-12-23T10:52:08.680844 - Multiple commit #5
2024-12-23 12:28:09,901 [INFO] CommitBot - Performing commit: 2024-12-23T10:52:08.680923 - Multiple commit #12
2024-12-23 12:28:10,291 [INFO] CommitBot - Commit and push successful: 2024-12-23T10:52:08.680923 - Multiple commit #12
2024-12-23 13:38:10,310 [INFO] CommitBot - Performing commit: 2024-12-23T10:52:08.680782 - Multiple commit #2
2024-12-23 13:38:10,712 [INFO] CommitBot - Commit and push successful: 2024-12-23T10:52:08.680782 - Multiple commit #2
2024-12-23 14:31:22,428 [INFO] CommitBot - Performing commit: Test 3
2024-12-23 14:31:22,854 [INFO] CommitBot - Commit and push successful: Test 3
2024-12-23 14:34:03,089 [INFO] CommitBot - Commit Bot starting up...
2024-12-23 14:34:03,089 [INFO] CommitBot - Initial random_day: 3, week_number: 52
2024-12-23 14:34:03,090 [INFO] CommitBot - Today is single-commit day.
2024-12-24 00:01:03,216 [INFO] CommitBot - Today is single-commit day.
2024-12-24 08:13:03,331 [INFO] CommitBot - Performing commit: 2024-12-23T14:34:03.090173 - Daily single commit
2024-12-24 08:13:04,125 [INFO] CommitBot - Commit and push successful: 2024-12-23T14:34:03.090173 - Daily single commit
2024-12-24 17:16:04,251 [INFO] CommitBot - Performing commit: 2024-12-24T00:01:03.216284 - Daily single commit
2024-12-24 17:16:04,685 [INFO] CommitBot - Commit and push successful: 2024-12-24T00:01:03.216284 - Daily single commit
2024-12-25 00:01:04,775 [INFO] CommitBot - Today is single-commit day.
2024-12-25 00:34:04,784 [INFO] CommitBot - Performing commit: 2024-12-25T00:01:04.775740 - Daily single commit
2024-12-25 00:34:05,161 [INFO] CommitBot - Commit and push successful: 2024-12-25T00:01:04.775740 - Daily single commit
2024-12-25 08:13:05,266 [INFO] CommitBot - Performing commit: 2024-12-23T14:34:03.090173 - Daily single commit
2024-12-25 08:13:05,670 [INFO] CommitBot - Commit and push successful: 2024-12-23T14:34:03.090173 - Daily single commit
2024-12-25 17:16:05,789 [INFO] CommitBot - Performing commit: 2024-12-24T00:01:03.216284 - Daily single commit
2024-12-25 17:16:06,201 [INFO] CommitBot - Commit and push successful: 2024-12-24T00:01:03.216284 - Daily single commit
2024-12-26 00:01:06,291 [INFO] CommitBot - Today is multi-commit day: scheduling 21 commits.
2024-12-26 00:30:06,298 [INFO] CommitBot - Performing commit: 2024-12-26T00:01:06.291636 - Multiple commit #19
2024-12-26 00:30:06,700 [INFO] CommitBot - Commit and push successful: 2024-12-26T00:01:06.291636 - Multiple commit #19
2024-12-26 00:34:06,701 [INFO] CommitBot - Performing commit: 2024-12-25T00:01:04.775740 - Daily single commit
2024-12-26 00:34:07,076 [INFO] CommitBot - Commit and push successful: 2024-12-25T00:01:04.775740 - Daily single commit
2024-12-26 00:56:07,080 [INFO] CommitBot - Performing commit: 2024-12-26T00:01:06.291433 - Multiple commit #4
2024-12-26 00:56:07,477 [INFO] CommitBot - Commit and push successful: 2024-12-26T00:01:06.291433 - Multiple commit #4
2024-12-26 02:50:07,503 [INFO] CommitBot - Performing commit: 2024-12-26T00:01:06.291461 - Multiple commit #6
2024-12-26 02:50:07,915 [INFO] CommitBot - Commit and push successful: 2024-12-26T00:01:06.291461 - Multiple commit #6
2024-12-26 04:38:07,941 [INFO] CommitBot - Performing commit: 2024-12-26T00:01:06.291406 - Multiple commit #3
2024-12-26 04:38:08,349 [INFO] CommitBot - Commit and push successful: 2024-12-26T00:01:06.291406 - Multiple commit #3
2024-12-26 06:40:08,378 [INFO] CommitBot - Performing commit: 2024-12-26T00:01:06.291389 - Multiple commit #2
2024-12-26 06:40:10,791 [INFO] CommitBot - Commit and push successful: 2024-12-26T00:01:06.291389 - Multiple commit #2
2024-12-26 07:07:10,798 [INFO] CommitBot - Performing commit: 2024-12-26T00:01:06.291602 - Multiple commit #16
2024-12-26 07:07:11,199 [INFO] CommitBot - Commit and push successful: 2024-12-26T00:01:06.291602 - Multiple commit #16
2024-12-26 07:21:11,202 [INFO] CommitBot - Performing commit: 2024-12-26T00:01:06.291473 - Multiple commit #7
2024-12-26 07:21:11,599 [INFO] CommitBot - Commit and push successful: 2024-12-26T00:01:06.291473 - Multiple commit #7
2024-12-26 08:13:11,611 [INFO] CommitBot - Performing commit: 2024-12-23T14:34:03.090173 - Daily single commit
2024-12-26 08:13:12,034 [INFO] CommitBot - Commit and push successful: 2024-12-23T14:34:03.090173 - Daily single commit
2024-12-26 09:49:12,059 [INFO] CommitBot - Performing commit: 2024-12-26T00:01:06.291614 - Multiple commit #17
2024-12-26 09:49:12,453 [INFO] CommitBot - Commit and push successful: 2024-12-26T00:01:06.291614 - Multiple commit #17
2024-12-26 09:50:12,453 [INFO] CommitBot - Performing commit: 2024-12-26T00:01:06.291574 - Multiple commit #14
2024-12-26 09:50:12,875 [INFO] CommitBot - Commit and push successful: 2024-12-26T00:01:06.291574 - Multiple commit #14
2024-12-26 12:40:12,919 [INFO] CommitBot - Performing commit: 2024-12-26T00:01:06.291659 - Multiple commit #21
2024-12-26 12:40:13,307 [INFO] CommitBot - Commit and push successful: 2024-12-26T00:01:06.291659 - Multiple commit #21
2024-12-26 15:02:13,345 [INFO] CommitBot - Performing commit: 2024-12-26T00:01:06.291519 - Multiple commit #9
2024-12-26 15:02:13,725 [INFO] CommitBot - Commit and push successful: 2024-12-26T00:01:06.291519 - Multiple commit #9
2024-12-26 15:26:13,730 [INFO] CommitBot - Performing commit: 2024-12-26T00:01:06.291588 - Multiple commit #15
2024-12-26 15:26:14,136 [INFO] CommitBot - Commit and push successful: 2024-12-26T00:01:06.291588 - Multiple commit #15
2024-12-26 15:39:14,139 [INFO] CommitBot - Performing commit: 2024-12-26T00:01:06.291532 - Multiple commit #10
2024-12-26 15:39:14,556 [INFO] CommitBot - Commit and push successful: 2024-12-26T00:01:06.291532 - Multiple commit #10
2024-12-26 16:28:14,568 [INFO] CommitBot - Performing commit: 2024-12-26T00:01:06.291553 - Multiple commit #12
2024-12-26 16:28:14,992 [INFO] CommitBot - Commit and push successful: 2024-12-26T00:01:06.291553 - Multiple commit #12
2024-12-26 16:34:14,994 [INFO] CommitBot - Performing commit: 2024-12-26T00:01:06.291624 - Multiple commit #18
2024-12-26 16:34:15,494 [INFO] CommitBot - Commit and push successful: 2024-12-26T00:01:06.291624 - Multiple commit #18
2024-12-26 17:16:15,502 [INFO] CommitBot - Performing commit: 2024-12-24T00:01:03.216284 - Daily single commit
2024-12-26 17:16:15,889 [INFO] CommitBot - Commit and push successful: 2024-12-24T00:01:03.216284 - Daily single commit
2024-12-26 18:24:15,907 [INFO] CommitBot - Performing commit: 2024-12-26T00:01:06.291649 - Multiple commit #20
2024-12-26 18:24:16,298 [INFO] CommitBot - Commit and push successful: 2024-12-26T00:01:06.291649 - Multiple commit #20
2024-12-26 19:09:16,309 [INFO] CommitBot - Performing commit: 2024-12-26T00:01:06.291507 - Multiple commit #8
2024-12-26 19:09:16,754 [INFO] CommitBot - Commit and push successful: 2024-12-26T00:01:06.291507 - Multiple commit #8
2024-12-26 19:15:16,756 [INFO] CommitBot - Performing commit: 2024-12-26T00:01:06.291346 - Multiple commit #1
2024-12-26 19:15:17,277 [INFO] CommitBot - Commit and push successful: 2024-12-26T00:01:06.291346 - Multiple commit #1
2024-12-26 19:33:17,283 [INFO] CommitBot - Performing commit: 2024-12-26T00:01:06.291449 - Multiple commit #5
2024-12-26 19:33:17,670 [INFO] CommitBot - Commit and push successful: 2024-12-26T00:01:06.291449 - Multiple commit #5
2024-12-26 20:36:17,685 [INFO] CommitBot - Performing commit: 2024-12-26T00:01:06.291564 - Multiple commit #13
2024-12-26 20:36:18,081 [INFO] CommitBot - Commit and push successful: 2024-12-26T00:01:06.291564 - Multiple commit #13
2024-12-26 21:40:18,096 [INFO] CommitBot - Performing commit: 2024-12-26T00:01:06.291543 - Multiple commit #11
2024-12-26 21:40:18,514 [INFO] CommitBot - Commit and push successful: 2024-12-26T00:01:06.291543 - Multiple commit #11
2024-12-27 00:01:18,548 [INFO] CommitBot - Today is single-commit day.
2024-12-27 00:30:18,555 [INFO] CommitBot - Performing commit: 2024-12-26T00:01:06.291636 - Multiple commit #19
2024-12-27 00:30:18,962 [INFO] CommitBot - Commit and push successful: 2024-12-26T00:01:06.291636 - Multiple commit #19
2024-12-27 00:34:18,963 [INFO] CommitBot - Performing commit: 2024-12-25T00:01:04.775740 - Daily single commit
2024-12-27 00:34:19,343 [INFO] CommitBot - Commit and push successful: 2024-12-25T00:01:04.775740 - Daily single commit
2024-12-27 00:56:19,348 [INFO] CommitBot - Performing commit: 2024-12-26T00:01:06.291433 - Multiple commit #4
2024-12-27 00:56:19,764 [INFO] CommitBot - Commit and push successful: 2024-12-26T00:01:06.291433 - Multiple commit #4
2024-12-27 02:50:19,794 [INFO] CommitBot - Performing commit: 2024-12-26T00:01:06.291461 - Multiple commit #6
2024-12-27 02:50:20,171 [INFO] CommitBot - Commit and push successful: 2024-12-26T00:01:06.291461 - Multiple commit #6
2024-12-27 04:38:20,198 [INFO] CommitBot - Performing commit: 2024-12-26T00:01:06.291406 - Multiple commit #3
2024-12-27 04:38:20,639 [INFO] CommitBot - Commit and push successful: 2024-12-26T00:01:06.291406 - Multiple commit #3
2024-12-27 06:40:20,669 [INFO] CommitBot - Performing commit: 2024-12-26T00:01:06.291389 - Multiple commit #2
2024-12-27 06:40:21,056 [INFO] CommitBot - Commit and push successful: 2024-12-26T00:01:06.291389 - Multiple commit #2
2024-12-27 07:07:21,064 [INFO] CommitBot - Performing commit: 2024-12-26T00:01:06.291602 - Multiple commit #16
2024-12-27 07:07:21,445 [INFO] CommitBot - Commit and push successful: 2024-12-26T00:01:06.291602 - Multiple commit #16
2024-12-27 07:21:21,449 [INFO] CommitBot - Performing commit: 2024-12-26T00:01:06.291473 - Multiple commit #7
2024-12-27 07:21:21,864 [INFO] CommitBot - Commit and push successful: 2024-12-26T00:01:06.291473 - Multiple commit #7
2024-12-27 08:13:21,877 [INFO] CommitBot - Performing commit: 2024-12-23T14:34:03.090173 - Daily single commit
2024-12-27 08:13:22,305 [INFO] CommitBot - Commit and push successful: 2024-12-23T14:34:03.090173 - Daily single commit
2024-12-27 09:49:22,328 [INFO] CommitBot - Performing commit: 2024-12-26T00:01:06.291614 - Multiple commit #17
2024-12-27 09:49:22,759 [INFO] CommitBot - Commit and push successful: 2024-12-26T00:01:06.291614 - Multiple commit #17
2024-12-27 09:50:22,759 [INFO] CommitBot - Performing commit: 2024-12-26T00:01:06.291574 - Multiple commit #14
2024-12-27 09:50:25,189 [INFO] CommitBot - Commit and push successful: 2024-12-26T00:01:06.291574 - Multiple commit #14
2024-12-27 12:40:25,232 [INFO] CommitBot - Performing commit: 2024-12-26T00:01:06.291659 - Multiple commit #21
2024-12-27 12:40:25,624 [INFO] CommitBot - Commit and push successful: 2024-12-26T00:01:06.291659 - Multiple commit #21
2024-12-27 15:02:25,658 [INFO] CommitBot - Performing commit: 2024-12-26T00:01:06.291519 - Multiple commit #9
2024-12-27 15:02:26,066 [INFO] CommitBot - Commit and push successful: 2024-12-26T00:01:06.291519 - Multiple commit #9
2024-12-27 15:26:26,071 [INFO] CommitBot - Performing commit: 2024-12-26T00:01:06.291588 - Multiple commit #15
2024-12-27 15:26:26,563 [INFO] CommitBot - Commit and push successful: 2024-12-26T00:01:06.291588 - Multiple commit #15
2024-12-27 15:39:26,566 [INFO] CommitBot - Performing commit: 2024-12-26T00:01:06.291532 - Multiple commit #10
2024-12-27 15:39:26,985 [INFO] CommitBot - Commit and push successful: 2024-12-26T00:01:06.291532 - Multiple commit #10
2024-12-27 16:28:26,996 [INFO] CommitBot - Performing commit: 2024-12-26T00:01:06.291553 - Multiple commit #12
2024-12-27 16:28:27,477 [INFO] CommitBot - Commit and push successful: 2024-12-26T00:01:06.291553 - Multiple commit #12
2024-12-27 16:34:27,479 [INFO] CommitBot - Performing commit: 2024-12-26T00:01:06.291624 - Multiple commit #18
2024-12-27 16:34:27,882 [INFO] CommitBot - Commit and push successful: 2024-12-26T00:01:06.291624 - Multiple commit #18
2024-12-27 17:16:27,895 [INFO] CommitBot - Performing commit: 2024-12-24T00:01:03.216284 - Daily single commit
2024-12-27 17:16:28,284 [INFO] CommitBot - Commit and push successful: 2024-12-24T00:01:03.216284 - Daily single commit
2024-12-27 18:24:28,302 [INFO] CommitBot - Performing commit: 2024-12-26T00:01:06.291649 - Multiple commit #20
2024-12-27 18:24:28,720 [INFO] CommitBot - Commit and push successful: 2024-12-26T00:01:06.291649 - Multiple commit #20
2024-12-27 19:09:28,732 [INFO] CommitBot - Performing commit: 2024-12-26T00:01:06.291507 - Multiple commit #8
2024-12-27 19:09:29,145 [INFO] CommitBot - Commit and push successful: 2024-12-26T00:01:06.291507 - Multiple commit #8
2024-12-27 19:15:29,147 [INFO] CommitBot - Performing commit: 2024-12-26T00:01:06.291346 - Multiple commit #1
2024-12-27 19:15:29,524 [INFO] CommitBot - Commit and push successful: 2024-12-26T00:01:06.291346 - Multiple commit #1
2024-12-27 19:33:29,528 [INFO] CommitBot - Performing commit: 2024-12-26T00:01:06.291449 - Multiple commit #5
2024-12-27 19:33:29,923 [INFO] CommitBot - Commit and push successful: 2024-12-26T00:01:06.291449 - Multiple commit #5
2024-12-27 20:36:29,939 [INFO] CommitBot - Performing commit: 2024-12-26T00:01:06.291564 - Multiple commit #13
2024-12-27 20:36:30,417 [INFO] CommitBot - Commit and push successful: 2024-12-26T00:01:06.291564 - Multiple commit #13
2024-12-27 21:40:30,435 [INFO] CommitBot - Performing commit: 2024-12-26T00:01:06.291543 - Multiple commit #11
2024-12-27 21:40:30,845 [INFO] CommitBot - Commit and push successful: 2024-12-26T00:01:06.291543 - Multiple commit #11
2024-12-27 23:31:30,873 [INFO] CommitBot - Performing commit: 2024-12-27T00:01:18.548562 - Daily single commit
2024-12-27 23:31:31,275 [INFO] CommitBot - Commit and push successful: 2024-12-27T00:01:18.548562 - Daily single commit
2024-12-28 00:01:31,283 [INFO] CommitBot - Today is single-commit day.
2024-12-28 00:30:31,292 [INFO] CommitBot - Performing commit: 2024-12-26T00:01:06.291636 - Multiple commit #19
2024-12-28 00:30:31,678 [INFO] CommitBot - Commit and push successful: 2024-12-26T00:01:06.291636 - Multiple commit #19
2024-12-28 00:34:31,679 [INFO] CommitBot - Performing commit: 2024-12-25T00:01:04.775740 - Daily single commit
2024-12-28 00:34:32,068 [INFO] CommitBot - Commit and push successful: 2024-12-25T00:01:04.775740 - Daily single commit
2024-12-28 00:56:32,073 [INFO] CommitBot - Performing commit: 2024-12-26T00:01:06.291433 - Multiple commit #4
2024-12-28 00:56:32,463 [INFO] CommitBot - Commit and push successful: 2024-12-26T00:01:06.291433 - Multiple commit #4
2024-12-28 02:50:32,491 [INFO] CommitBot - Performing commit: 2024-12-26T00:01:06.291461 - Multiple commit #6
2024-12-28 02:50:32,899 [INFO] CommitBot - Commit and push successful: 2024-12-26T00:01:06.291461 - Multiple commit #6
2024-12-28 04:00:32,916 [INFO] CommitBot - Performing commit: 2024-12-28T00:01:31.283938 - Daily single commit
2024-12-28 04:00:33,342 [INFO] CommitBot - Commit and push successful: 2024-12-28T00:01:31.283938 - Daily single commit
2024-12-28 04:38:33,353 [INFO] CommitBot - Performing commit: 2024-12-26T00:01:06.291406 - Multiple commit #3
2024-12-28 04:38:33,791 [INFO] CommitBot - Commit and push successful: 2024-12-26T00:01:06.291406 - Multiple commit #3
2024-12-28 06:40:33,821 [INFO] CommitBot - Performing commit: 2024-12-26T00:01:06.291389 - Multiple commit #2
2024-12-28 06:40:34,303 [INFO] CommitBot - Commit and push successful: 2024-12-26T00:01:06.291389 - Multiple commit #2
2024-12-28 07:07:34,310 [INFO] CommitBot - Performing commit: 2024-12-26T00:01:06.291602 - Multiple commit #16
2024-12-28 07:07:34,720 [INFO] CommitBot - Commit and push successful: 2024-12-26T00:01:06.291602 - Multiple commit #16
2024-12-28 07:21:34,723 [INFO] CommitBot - Performing commit: 2024-12-26T00:01:06.291473 - Multiple commit #7
2024-12-28 07:21:35,140 [INFO] CommitBot - Commit and push successful: 2024-12-26T00:01:06.291473 - Multiple commit #7
2024-12-28 08:13:35,153 [INFO] CommitBot - Performing commit: 2024-12-23T14:34:03.090173 - Daily single commit
2024-12-28 08:13:35,560 [INFO] CommitBot - Commit and push successful: 2024-12-23T14:34:03.090173 - Daily single commit
2024-12-28 09:49:35,586 [INFO] CommitBot - Performing commit: 2024-12-26T00:01:06.291614 - Multiple commit #17
2024-12-28 09:49:36,063 [INFO] CommitBot - Commit and push successful: 2024-12-26T00:01:06.291614 - Multiple commit #17
2024-12-28 09:50:36,064 [INFO] CommitBot - Performing commit: 2024-12-26T00:01:06.291574 - Multiple commit #14
2024-12-28 09:50:36,564 [INFO] CommitBot - Commit and push successful: 2024-12-26T00:01:06.291574 - Multiple commit #14
2024-12-28 12:40:36,608 [INFO] CommitBot - Performing commit: 2024-12-26T00:01:06.291659 - Multiple commit #21
2024-12-28 12:40:37,018 [INFO] CommitBot - Commit and push successful: 2024-12-26T00:01:06.291659 - Multiple commit #21
2024-12-28 15:02:37,056 [INFO] CommitBot - Performing commit: 2024-12-26T00:01:06.291519 - Multiple commit #9
2024-12-28 15:02:37,502 [INFO] CommitBot - Commit and push successful: 2024-12-26T00:01:06.291519 - Multiple commit #9
2024-12-28 15:26:37,507 [INFO] CommitBot - Performing commit: 2024-12-26T00:01:06.291588 - Multiple commit #15
2024-12-28 15:26:37,893 [INFO] CommitBot - Commit and push successful: 2024-12-26T00:01:06.291588 - Multiple commit #15
2024-12-28 15:39:37,897 [INFO] CommitBot - Performing commit: 2024-12-26T00:01:06.291532 - Multiple commit #10
2024-12-28 15:39:38,330 [INFO] CommitBot - Commit and push successful: 2024-12-26T00:01:06.291532 - Multiple commit #10
2024-12-28 16:28:38,341 [INFO] CommitBot - Performing commit: 2024-12-26T00:01:06.291553 - Multiple commit #12
2024-12-28 16:28:38,763 [INFO] CommitBot - Commit and push successful: 2024-12-26T00:01:06.291553 - Multiple commit #12
2024-12-28 16:34:38,765 [INFO] CommitBot - Performing commit: 2024-12-26T00:01:06.291624 - Multiple commit #18
2024-12-28 16:34:39,223 [INFO] CommitBot - Commit and push successful: 2024-12-26T00:01:06.291624 - Multiple commit #18
2024-12-28 17:16:39,234 [INFO] CommitBot - Performing commit: 2024-12-24T00:01:03.216284 - Daily single commit
2024-12-28 17:16:39,635 [INFO] CommitBot - Commit and push successful: 2024-12-24T00:01:03.216284 - Daily single commit
2024-12-28 18:24:39,651 [INFO] CommitBot - Performing commit: 2024-12-26T00:01:06.291649 - Multiple commit #20
2024-12-28 18:24:40,031 [INFO] CommitBot - Commit and push successful: 2024-12-26T00:01:06.291649 - Multiple commit #20
2024-12-28 19:09:40,041 [INFO] CommitBot - Performing commit: 2024-12-26T00:01:06.291507 - Multiple commit #8
2024-12-28 19:09:40,415 [INFO] CommitBot - Commit and push successful: 2024-12-26T00:01:06.291507 - Multiple commit #8
2024-12-28 19:15:40,417 [INFO] CommitBot - Performing commit: 2024-12-26T00:01:06.291346 - Multiple commit #1
2024-12-28 19:15:40,792 [INFO] CommitBot - Commit and push successful: 2024-12-26T00:01:06.291346 - Multiple commit #1
2024-12-28 19:33:40,797 [INFO] CommitBot - Performing commit: 2024-12-26T00:01:06.291449 - Multiple commit #5
2024-12-28 19:33:41,232 [INFO] CommitBot - Commit and push successful: 2024-12-26T00:01:06.291449 - Multiple commit #5
2024-12-28 20:36:41,248 [INFO] CommitBot - Performing commit: 2024-12-26T00:01:06.291564 - Multiple commit #13
2024-12-28 20:36:41,694 [INFO] CommitBot - Commit and push successful: 2024-12-26T00:01:06.291564 - Multiple commit #13
2024-12-28 21:40:41,711 [INFO] CommitBot - Performing commit: 2024-12-26T00:01:06.291543 - Multiple commit #11
2024-12-28 21:40:42,105 [INFO] CommitBot - Commit and push successful: 2024-12-26T00:01:06.291543 - Multiple commit #11
2024-12-28 23:31:42,132 [INFO] CommitBot - Performing commit: 2024-12-27T00:01:18.548562 - Daily single commit
2024-12-28 23:31:42,582 [INFO] CommitBot - Commit and push successful: 2024-12-27T00:01:18.548562 - Daily single commit
2024-12-29 00:01:42,591 [INFO] CommitBot - Today is single-commit day.
2024-12-29 00:30:42,597 [INFO] CommitBot - Performing commit: 2024-12-26T00:01:06.291636 - Multiple commit #19
2024-12-29 00:30:42,995 [INFO] CommitBot - Commit and push successful: 2024-12-26T00:01:06.291636 - Multiple commit #19
2024-12-29 00:34:42,996 [INFO] CommitBot - Performing commit: 2024-12-25T00:01:04.775740 - Daily single commit
2024-12-29 00:34:43,416 [INFO] CommitBot - Commit and push successful: 2024-12-25T00:01:04.775740 - Daily single commit
2024-12-29 00:56:43,421 [INFO] CommitBot - Performing commit: 2024-12-26T00:01:06.291433 - Multiple commit #4
